==============================================
PetCare PH6 CLOSURE PACK
pack=PETCARE-PH6-CLOSURE
timestamp_utc=20260217T145345Z
repo_root=/Users/waheebmahmoud/dev/petcare-evidence-repository/petcare_execution
out=/Users/waheebmahmoud/dev/petcare-evidence-repository/petcare_execution/evidence_output/PETCARE-PH6-CLOSURE/20260217T145345Z
zip=/Users/waheebmahmoud/dev/petcare-evidence-repository/petcare_execution/evidence_output/PETCARE-PH6-CLOSURE/PETCARE-PH6-CLOSURE_20260217T145345Z.zip
smoke_host=127.0.0.1
smoke_port=8003
store_backend=sqlite
python=Python 3.9.6
==============================================

STEP 1: UNITTEST
test_backup_restore_roundtrip (test_sqlite_governance.TestSqliteGovernance) ... ok
test_integrity_check_ok (test_sqlite_governance.TestSqliteGovernance) ... ok
test_meta_schema_version_present (test_sqlite_governance.TestSqliteGovernance) ... ok
test_delete_audit_existed_flag (test_sqlite_store.TestSqliteStore) ... ok
test_export_items_stable (test_sqlite_store.TestSqliteStore) ... ok
test_list_keys_sorted_and_prefix (test_sqlite_store.TestSqliteStore) ... ok
test_put_get_persists_across_instances (test_sqlite_store.TestSqliteStore) ... ok
test_tenant_isolation_by_file (test_sqlite_store.TestSqliteStore) ... ok
test_bundle_deterministic_when_generated_at_fixed (test_tenant_isolation.TestExportBundleHardening) ... ok
test_bundle_requires_valid_tenant (test_tenant_isolation.TestExportBundleHardening) ... ok
test_bundle_schema_and_hashes_present (test_tenant_isolation.TestExportBundleHardening) ... ok
test_bundle_sorts_items_by_key (test_tenant_isolation.TestExportBundleHardening) ... ok
test_cross_tenant_read_blocked_by_scope (test_tenant_isolation.TestStorageIsolation) ... ok
test_delete_scoped (test_tenant_isolation.TestStorageIsolation) ... ok
test_export_items_scoped_and_sorted (test_tenant_isolation.TestStorageIsolation) ... ok
test_export_prefix_filter (test_tenant_isolation.TestStorageIsolation) ... ok
test_list_scoped (test_tenant_isolation.TestStorageIsolation) ... ok
test_put_get_same_tenant (test_tenant_isolation.TestStorageIsolation) ... ok
test_put_normalizes_tenant_lower (test_tenant_isolation.TestStorageIsolation) ... ok
test_put_requires_tenant (test_tenant_isolation.TestStorageIsolation) ... ok
test_put_requires_uuid_tenant (test_tenant_isolation.TestStorageIsolation) ... ok
test_empty (test_tenant_isolation.TestTenantHeaderValidation) ... ok
test_header_constant (test_tenant_isolation.TestTenantHeaderValidation) ... ok
test_invalid_uuid (test_tenant_isolation.TestTenantHeaderValidation) ... ok
test_missing (test_tenant_isolation.TestTenantHeaderValidation) ... ok
test_normalizes_lower (test_tenant_isolation.TestTenantHeaderValidation) ... ok
test_require_context_missing (test_tenant_isolation.TestTenantHeaderValidation) ... ok
test_require_context_ok (test_tenant_isolation.TestTenantHeaderValidation) ... ok

----------------------------------------------------------------------
Ran 28 tests in 0.157s

OK
UNITTEST: PASS

STEP 2: START API SERVER (uvicorn) [sqlite backend]
uvicorn_pid=43573
wait_for_health...
SERVER: READY

STEP 3: SMOKE [sqlite backend]
=== HEALTH ===
{"ok":true}
=== PUT missing tenant (expect error) ===
{"error":"x-tenant-id is required"}
=== PUT with tenant (expect ok) ===
{"ok":true}
=== GET with tenant (expect value v1) ===
{"value":"v1"}
=== EXPORT with tenant (expect bundle_sha256 present) ===
{"schema_version":"PH4_EXPORT_BUNDLE_V1","tenant_id":"11111111-1111-1111-1111-111111111111","generated_at":"20260217T145346Z","items":[{"key":"k1","value":"v1"}],"audit":[{"ts":"2026-02-17T14:31:19+00:00","action":"put","key":"k1","actor_id":"a"},{"ts":"2026-02-17T14:32:07+00:00","action":"put","key":"k1","actor_id":"a"},{"ts":"2026-02-17T14:53:46+00:00","action":"put","key":"k1","actor_id":"a"}],"counts":{"items":1,"audit":3},"hashes":{"items_sha256":"43eb6d529f8c716e16b6312197dd5645cd17594a7d4af92ff3b11c289ec5e8be","audit_sha256":"0b2d2191e24ce546c4d2a908bfdef68d929666007c3b9f052dbb0a7c9f231ebb","bundle_sha256":"359c4053af725efc263f21c3e38f42de8c6797182cb7d1cb57eb7711e7b61784"}}
PASS smoke
SMOKE: PASS

STEP 4: STOP API SERVER
scripts/petcare_ph6_closure_pack.sh: line 110: 43573 Terminated: 15          PETCARE_STORE_BACKEND="sqlite" PORT="${SMOKE_PORT}" HOST="${HOST}" bash "scripts/run_api.sh" serve > "${SERVER_LOG}" 2>&1
SERVER: STOPPED

STEP 5: OPS GOVERNANCE (isolated temp base_dir)
ops_summary_written /Users/waheebmahmoud/dev/petcare-evidence-repository/petcare_execution/evidence_output/PETCARE-PH6-CLOSURE/20260217T145345Z/ops/ops_summary.json
OPS_GOVERNANCE: PASS

STEP 6: LAND PACK
PetCare LAND PACK
root=/Users/waheebmahmoud/dev/petcare-evidence-repository/petcare_execution
compile: app.py
compile: scaffold python files
manifest: regenerate
PASS manifest
file_count 392
dirs 554
ui2 5 ui3 5 ui5 5 ui6 5 tests 12 fnd 24 evid 1 scripts 12 other 340
manifest_record True
DONE
LAND_PACK: PASS

STEP 7: SNAPSHOT REPO
snapshot_file_count=60

STEP 8: GENERATE CLOSURE MANIFEST (for OUT dir)
MANIFEST: PASS

STEP 9: ZIP + SHA256
ZIP=/Users/waheebmahmoud/dev/petcare-evidence-repository/petcare_execution/evidence_output/PETCARE-PH6-CLOSURE/PETCARE-PH6-CLOSURE_20260217T145345Z.zip
SHA256=32bcb9b7bf36e2f8eb3de27a2659d9fbd148f4574353041f08dbf3ec0af173a3

CLOSURE PACK: PASS
