==============================================
PetCare PH4 CLOSURE PACK
pack=PETCARE-PH4-CLOSURE
timestamp_utc=20260217T134016Z
repo_root=/Users/waheebmahmoud/dev/petcare-evidence-repository/petcare_execution
out=/Users/waheebmahmoud/dev/petcare-evidence-repository/petcare_execution/evidence_output/PETCARE-PH4-CLOSURE/20260217T134016Z
zip=/Users/waheebmahmoud/dev/petcare-evidence-repository/petcare_execution/evidence_output/PETCARE-PH4-CLOSURE/PETCARE-PH4-CLOSURE_20260217T134016Z.zip
smoke_host=127.0.0.1
smoke_port=8001
python=Python 3.9.6
==============================================

STEP 1: UNITTEST
test_bundle_deterministic_when_generated_at_fixed (test_tenant_isolation.TestExportBundleHardening) ... ok
test_bundle_requires_valid_tenant (test_tenant_isolation.TestExportBundleHardening) ... ok
test_bundle_schema_and_hashes_present (test_tenant_isolation.TestExportBundleHardening) ... ok
test_bundle_sorts_items_by_key (test_tenant_isolation.TestExportBundleHardening) ... ok
test_cross_tenant_read_blocked_by_scope (test_tenant_isolation.TestStorageIsolation) ... ok
test_delete_scoped (test_tenant_isolation.TestStorageIsolation) ... ok
test_export_items_scoped_and_sorted (test_tenant_isolation.TestStorageIsolation) ... ok
test_export_prefix_filter (test_tenant_isolation.TestStorageIsolation) ... ok
test_list_scoped (test_tenant_isolation.TestStorageIsolation) ... ok
test_put_get_same_tenant (test_tenant_isolation.TestStorageIsolation) ... ok
test_put_normalizes_tenant_lower (test_tenant_isolation.TestStorageIsolation) ... ok
test_put_requires_tenant (test_tenant_isolation.TestStorageIsolation) ... ok
test_put_requires_uuid_tenant (test_tenant_isolation.TestStorageIsolation) ... ok
test_empty (test_tenant_isolation.TestTenantHeaderValidation) ... ok
test_header_constant (test_tenant_isolation.TestTenantHeaderValidation) ... ok
test_invalid_uuid (test_tenant_isolation.TestTenantHeaderValidation) ... ok
test_missing (test_tenant_isolation.TestTenantHeaderValidation) ... ok
test_normalizes_lower (test_tenant_isolation.TestTenantHeaderValidation) ... ok
test_require_context_missing (test_tenant_isolation.TestTenantHeaderValidation) ... ok
test_require_context_ok (test_tenant_isolation.TestTenantHeaderValidation) ... ok

----------------------------------------------------------------------
Ran 20 tests in 0.002s

OK
UNITTEST: PASS

STEP 2: START API SERVER (uvicorn)
uvicorn_pid=30797
wait_for_health...
SERVER: READY

STEP 3: SMOKE
=== HEALTH ===
{"ok":true}
=== PUT missing tenant (expect error) ===
{"error":"x-tenant-id is required"}
=== PUT with tenant (expect ok) ===
{"ok":true}
=== GET with tenant (expect value v1) ===
{"value":"v1"}
=== EXPORT with tenant (expect bundle_sha256 present) ===
{"schema_version":"PH4_EXPORT_BUNDLE_V1","tenant_id":"11111111-1111-1111-1111-111111111111","generated_at":"20260217T134016Z","items":[{"key":"k1","value":"v1"}],"audit":[{"ts":"2026-02-17T12:17:09+00:00","action":"put","key":"k1","actor_id":"a"},{"ts":"2026-02-17T13:36:16+00:00","action":"put","key":"k1","actor_id":"a"},{"ts":"2026-02-17T13:40:16+00:00","action":"put","key":"k1","actor_id":"a"}],"counts":{"items":1,"audit":3},"hashes":{"items_sha256":"43eb6d529f8c716e16b6312197dd5645cd17594a7d4af92ff3b11c289ec5e8be","audit_sha256":"5233061c17219677da648c2ff3c1be0a2ece109930e03ff906a06ab2668083b2","bundle_sha256":"fa911209dbab76ff75e82ed8bfca274dbfd6f6da5f99a99fd40616817b8dd03a"}}
PASS smoke
SMOKE: PASS

STEP 4: STOP API SERVER
scripts/petcare_ph4_closure_pack.sh: line 106: 30797 Terminated: 15          PORT="${SMOKE_PORT}" HOST="${HOST}" bash "scripts/run_api.sh" serve > "${SERVER_LOG}" 2>&1
SERVER: STOPPED

STEP 5: LAND PACK
PetCare LAND PACK
root=/Users/waheebmahmoud/dev/petcare-evidence-repository/petcare_execution
compile: app.py
compile: scaffold python files
manifest: regenerate
PASS manifest
file_count 216
dirs 327
ui2 5 ui3 5 ui5 5 ui6 5 tests 8 fnd 17 evid 1 scripts 8 other 173
manifest_record True
DONE
LAND_PACK: PASS

STEP 6: SNAPSHOT REPO
snapshot_file_count=48

STEP 7: GENERATE CLOSURE MANIFEST (for OUT dir)
MANIFEST: PASS

STEP 8: ZIP + SHA256
ZIP=/Users/waheebmahmoud/dev/petcare-evidence-repository/petcare_execution/evidence_output/PETCARE-PH4-CLOSURE/PETCARE-PH4-CLOSURE_20260217T134016Z.zip
SHA256=cb61421349933e8011042e3583f22c2629d352331771eff3a87a60d3b49fb4ce

CLOSURE PACK: PASS
