==============================================
PetCare PH31 CLOSURE PACK
pack=PETCARE-PH31-CLOSURE
timestamp_utc=20260224T201636Z
repo_root=/Users/waheebmahmoud/dev/petcare-evidence-repository/petcare_execution
out=/Users/waheebmahmoud/dev/petcare-evidence-repository/petcare_execution/evidence_output/PETCARE-PH31-CLOSURE/20260224T201636Z
python_bin=/Users/waheebmahmoud/dev/petcare-evidence-repository/petcare_execution/.venv/bin/python
cwd=/Users/waheebmahmoud/dev/petcare-evidence-repository/petcare_execution
==============================================

=== PYTHON ===
Python 3.9.6

=== WORKFLOW ENFORCEMENT GATE ===
WORKFLOWS_FOUND=2

=== REQUIRED FILES POLICY GATE ===
pytest.ini
SNAPSHOT_OK=pytest.ini
requirements.txt
SNAPSHOT_OK=requirements.txt
requirements-dev.txt
SNAPSHOT_OK=requirements-dev.txt
Makefile
SNAPSHOT_OK=Makefile
scripts/petcare_land_pack.sh
SNAPSHOT_OK=scripts/petcare_land_pack.sh
scripts/petcare_increment_close.sh
SNAPSHOT_OK=scripts/petcare_increment_close.sh
scripts/petcare_audit_verify.py
SNAPSHOT_OK=scripts/petcare_audit_verify.py
.github/
SNAPSHOT_OK_DIR=.github
pyproject.toml
SNAPSHOT_OK=pyproject.toml
requirements.lock
SNAPSHOT_OK=requirements.lock
LOCKFILE=requirements.lock
requirements-dev.lock
OPTIONAL_MISSING=requirements-dev.lock
README.md
OPTIONAL_MISSING=README.md

=== CI DRY-RUN GATE ===
pytest 8.4.2

RUN=pytest -q
.....ssss............ss...................s............................. [ 64%]
........................................                                 [100%]

=== INVENTORY: WORKFLOWS ===
.github/workflows/ci.yml
.github/workflows/required_checks.yml
WROTE=/Users/waheebmahmoud/dev/petcare-evidence-repository/petcare_execution/evidence_output/PETCARE-PH31-CLOSURE/20260224T201636Z/logs/workflows_list.txt

=== GIT CONTEXT (NON-FATAL) ===
WROTE=/Users/waheebmahmoud/dev/petcare-evidence-repository/petcare_execution/evidence_output/PETCARE-PH31-CLOSURE/20260224T201636Z/logs/git_context.txt

=== MANIFEST ===
WROTE=/Users/waheebmahmoud/dev/petcare-evidence-repository/petcare_execution/evidence_output/PETCARE-PH31-CLOSURE/20260224T201636Z/MANIFEST.json
FILE_COUNT=15

=== ZIP ===
zip=/Users/waheebmahmoud/dev/petcare-evidence-repository/petcare_execution/evidence_output/PETCARE-PH31-CLOSURE/PETCARE-PH31-CLOSURE_20260224T201636Z.zip
sha=/Users/waheebmahmoud/dev/petcare-evidence-repository/petcare_execution/evidence_output/PETCARE-PH31-CLOSURE/PETCARE-PH31-CLOSURE_20260224T201636Z.zip.sha256

=== ZIP SHA VERIFY (IN-SCRIPT) ===
ZIP_SHA_VERIFY=PASS

=== SUMMARY ===
OUT=/Users/waheebmahmoud/dev/petcare-evidence-repository/petcare_execution/evidence_output/PETCARE-PH31-CLOSURE/20260224T201636Z
ZIP=/Users/waheebmahmoud/dev/petcare-evidence-repository/petcare_execution/evidence_output/PETCARE-PH31-CLOSURE/PETCARE-PH31-CLOSURE_20260224T201636Z.zip
DONE
