* Host api.myveticare.com:443 was resolved.
* IPv6: (none)
* IPv4: 216.24.57.251, 216.24.57.7
*   Trying 216.24.57.251:443...
* Connected to api.myveticare.com (216.24.57.251) port 443
* ALPN: curl offers h2,http/1.1
* (304) (OUT), TLS handshake, Client hello (1):
} [323 bytes data]
*  CAfile: /etc/ssl/cert.pem
*  CApath: none
* (304) (IN), TLS handshake, Server hello (2):
{ [122 bytes data]
* (304) (IN), TLS handshake, Unknown (8):
{ [19 bytes data]
* (304) (IN), TLS handshake, Certificate (11):
{ [2528 bytes data]
* (304) (IN), TLS handshake, CERT verify (15):
{ [80 bytes data]
* (304) (IN), TLS handshake, Finished (20):
{ [52 bytes data]
* (304) (OUT), TLS handshake, Finished (20):
} [52 bytes data]
* SSL connection using TLSv1.3 / AEAD-AES256-GCM-SHA384 / [blank] / UNDEF
* ALPN: server accepted h2
* Server certificate:
*  subject: CN=api.myveticare.com
*  start date: Mar 14 16:46:37 2026 GMT
*  expire date: Jun 12 17:44:13 2026 GMT
*  subjectAltName: host "api.myveticare.com" matched cert's "api.myveticare.com"
*  issuer: C=US; O=Google Trust Services; CN=WE1
*  SSL certificate verify ok.
* using HTTP/2
* [HTTP/2] [1] OPENED stream for https://api.myveticare.com/health
* [HTTP/2] [1] [:method: GET]
* [HTTP/2] [1] [:scheme: https]
* [HTTP/2] [1] [:authority: api.myveticare.com]
* [HTTP/2] [1] [:path: /health]
* [HTTP/2] [1] [accept: */*]
* [HTTP/2] [1] [user-agent: petcare-remote-smoke/1.0]
> GET /health HTTP/2
> Host: api.myveticare.com
> Accept: */*
> User-Agent: petcare-remote-smoke/1.0
> 
* Request completely sent off
< HTTP/2 200 
< date: Sat, 14 Mar 2026 17:48:31 GMT
< content-type: application/json; charset=utf-8
< cf-ray: 9dc51c14dd7e4dc0-FRA
< rndr-id: 1d8c67dc-245c-4dcd
< vary: Accept-Encoding
< x-render-origin-server: PetCareMinRuntime/1.0 Python/3.14.3
< cf-cache-status: DYNAMIC
< server: cloudflare
< alt-svc: h3=":443"; ma=86400
< 
{ [110 bytes data]
* Connection #0 to host api.myveticare.com left intact
