==============================================
PetCare PH4 CLOSURE PACK
pack=PETCARE-PH4-CLOSURE
timestamp_utc=20260217T133616Z
repo_root=/Users/waheebmahmoud/dev/petcare-evidence-repository/petcare_execution
out=/Users/waheebmahmoud/dev/petcare-evidence-repository/petcare_execution/evidence_output/PETCARE-PH4-CLOSURE/20260217T133616Z
zip=/Users/waheebmahmoud/dev/petcare-evidence-repository/petcare_execution/evidence_output/PETCARE-PH4-CLOSURE/PETCARE-PH4-CLOSURE_20260217T133616Z.zip
smoke_host=127.0.0.1
smoke_port=8001
python=Python 3.9.6
==============================================

STEP 1: UNITTEST
test_bundle_deterministic_when_generated_at_fixed (test_tenant_isolation.TestExportBundleHardening) ... ok
test_bundle_requires_valid_tenant (test_tenant_isolation.TestExportBundleHardening) ... ok
test_bundle_schema_and_hashes_present (test_tenant_isolation.TestExportBundleHardening) ... ok
test_bundle_sorts_items_by_key (test_tenant_isolation.TestExportBundleHardening) ... ok
test_cross_tenant_read_blocked_by_scope (test_tenant_isolation.TestStorageIsolation) ... ok
test_delete_scoped (test_tenant_isolation.TestStorageIsolation) ... ok
test_export_items_scoped_and_sorted (test_tenant_isolation.TestStorageIsolation) ... ok
test_export_prefix_filter (test_tenant_isolation.TestStorageIsolation) ... ok
test_list_scoped (test_tenant_isolation.TestStorageIsolation) ... ok
test_put_get_same_tenant (test_tenant_isolation.TestStorageIsolation) ... ok
test_put_normalizes_tenant_lower (test_tenant_isolation.TestStorageIsolation) ... ok
test_put_requires_tenant (test_tenant_isolation.TestStorageIsolation) ... ok
test_put_requires_uuid_tenant (test_tenant_isolation.TestStorageIsolation) ... ok
test_empty (test_tenant_isolation.TestTenantHeaderValidation) ... ok
test_header_constant (test_tenant_isolation.TestTenantHeaderValidation) ... ok
test_invalid_uuid (test_tenant_isolation.TestTenantHeaderValidation) ... ok
test_missing (test_tenant_isolation.TestTenantHeaderValidation) ... ok
test_normalizes_lower (test_tenant_isolation.TestTenantHeaderValidation) ... ok
test_require_context_missing (test_tenant_isolation.TestTenantHeaderValidation) ... ok
test_require_context_ok (test_tenant_isolation.TestTenantHeaderValidation) ... ok

----------------------------------------------------------------------
Ran 20 tests in 0.002s

OK
UNITTEST: PASS

STEP 2: START API SERVER (uvicorn)
uvicorn_pid=30050
wait_for_health...
SERVER: READY

STEP 3: SMOKE
=== HEALTH ===
{"ok":true}
=== PUT missing tenant (expect error) ===
{"error":"x-tenant-id is required"}
=== PUT with tenant (expect ok) ===
{"ok":true}
=== GET with tenant (expect value v1) ===
{"value":"v1"}
=== EXPORT with tenant (expect bundle_sha256 present) ===
{"schema_version":"PH4_EXPORT_BUNDLE_V1","tenant_id":"11111111-1111-1111-1111-111111111111","generated_at":"20260217T133617Z","items":[{"key":"k1","value":"v1"}],"audit":[{"ts":"2026-02-17T12:17:09+00:00","action":"put","key":"k1","actor_id":"a"},{"ts":"2026-02-17T13:36:16+00:00","action":"put","key":"k1","actor_id":"a"}],"counts":{"items":1,"audit":2},"hashes":{"items_sha256":"43eb6d529f8c716e16b6312197dd5645cd17594a7d4af92ff3b11c289ec5e8be","audit_sha256":"e6c87b7d447243d2d290b91b856cf58385b1c0866c81c03792af7d6446bd010c","bundle_sha256":"e03b8929ddb5ae851eb876c699c1191ee3a5285e9f8839cc1c7559f9cc9c3423"}}
PASS smoke
SMOKE: PASS

STEP 4: STOP API SERVER
scripts/petcare_ph4_closure_pack.sh: line 107: 30050 Terminated: 15          PORT="${SMOKE_PORT}" HOST="${HOST}" bash "scripts/run_api.sh" serve > "${SERVER_LOG}" 2>&1
SERVER: STOPPED

STEP 5: LAND PACK
PetCare LAND PACK
root=/Users/waheebmahmoud/dev/petcare-evidence-repository/petcare_execution
compile: app.py
compile: scaffold python files
manifest: regenerate
PASS manifest
file_count 161
dirs 254
ui2 5 ui3 5 ui5 5 ui6 5 tests 8 fnd 17 evid 1 scripts 8 other 118
manifest_record True
DONE
LAND_PACK: PASS

STEP 6: SNAPSHOT REPO
snapshot_file_count=48

STEP 7: GENERATE CLOSURE MANIFEST (for OUT dir)
scripts/petcare_ph4_closure_pack.sh: line 133: import hashlib, json
from pathlib import Path

out = Path(${OUT!r})
manifest_path = out / "MANIFEST.json"

def sha256_file(p: Path) -> str:
    h = hashlib.sha256()
    with p.open("rb") as f:
        for chunk in iter(lambda: f.read(1024 * 1024), b""):
            h.update(chunk)
    return h.hexdigest()

files = []
for p in sorted(out.rglob("*")):
    if p.is_dir():
        continue
    rel = p.relative_to(out).as_posix()
    if rel == "MANIFEST.json":
        continue
    st = p.stat()
    files.append({"path": rel, "bytes": int(st.st_size), "sha256": sha256_file(p)})

m = {
  "pack_id": ${PACK!r},
  "timestamp_utc": ${TS!r},
  "out_dir": str(out),
  "file_count": len(files) + 1,
  "files": files
}

manifest_path.write_text(json.dumps(m, indent=2, sort_keys=True) + "\n", encoding="utf-8")

m2 = json.loads(manifest_path.read_text(encoding="utf-8"))
st = manifest_path.stat()
m2["files"].append({"path":"MANIFEST.json","bytes": int(st.st_size), "sha256": sha256_file(manifest_path)})
m2["files"].sort(key=lambda x: x["path"])
m2["file_count"] = len(m2["files"])
manifest_path.write_text(json.dumps(m2, indent=2, sort_keys=True) + "\n", encoding="utf-8")
: bad substitution
