=== PH-L7 REMOTE SMOKE ===
base_url=https://www.myveticare.com
host=www.myveticare.com
health_url=https://www.myveticare.com/health
ready_url=https://www.myveticare.com/ready
retries=5
sleep_seconds=2
max_total_seconds=12
max_connect_seconds=5

=== DNS RESOLUTION (python) ===
resolved_addrs_count=2
addr=13.248.243.5
addr=76.223.105.230
=== ATTEMPT 1/5 ===
FAIL health: curl rc=60
* Host www.myveticare.com:443 was resolved.
* IPv6: (none)
* IPv4: 76.223.105.230, 13.248.243.5
*   Trying 76.223.105.230:443...
* Connected to www.myveticare.com (76.223.105.230) port 443
* ALPN: curl offers h2,http/1.1
* (304) (OUT), TLS handshake, Client hello (1):
} [323 bytes data]
*  CAfile: /etc/ssl/cert.pem
*  CApath: none
* (304) (IN), TLS handshake, Server hello (2):
{ [122 bytes data]
* (304) (IN), TLS handshake, Unknown (8):
{ [43 bytes data]
* (304) (IN), TLS handshake, Certificate (11):
{ [3055 bytes data]
* (304) (IN), TLS handshake, CERT verify (15):
{ [264 bytes data]
* (304) (IN), TLS handshake, Finished (20):
{ [36 bytes data]
* (304) (OUT), TLS handshake, Finished (20):
} [36 bytes data]
* SSL connection using TLSv1.3 / AEAD-AES128-GCM-SHA256 / [blank] / UNDEF
* ALPN: server accepted http/1.1
* Server certificate:
*  subject: CN=*.secureserversites.net
*  start date: Sep 12 16:32:51 2025 GMT
*  expire date: Oct 14 16:32:51 2026 GMT
*  subjectAltName does not match host name www.myveticare.com
* SSL: no alternative certificate subject name matches target host name 'www.myveticare.com'
* Closing connection
curl: (60) SSL: no alternative certificate subject name matches target host name 'www.myveticare.com'
More details here: https://curl.se/docs/sslcerts.html

curl failed to verify the legitimacy of the server and therefore could not
establish a secure connection to it. To learn more about this situation and
how to fix it, please visit the web page mentioned above.
http_code=000
remote_ip=76.223.105.230
time_namelookup=0.003595
time_connect=0.069527
time_appconnect=0.000000
time_starttransfer=0.000000
time_total=0.244173
FAIL ready: curl rc=60
* Host www.myveticare.com:443 was resolved.
* IPv6: (none)
* IPv4: 76.223.105.230, 13.248.243.5
*   Trying 76.223.105.230:443...
* Connected to www.myveticare.com (76.223.105.230) port 443
* ALPN: curl offers h2,http/1.1
* (304) (OUT), TLS handshake, Client hello (1):
} [323 bytes data]
*  CAfile: /etc/ssl/cert.pem
*  CApath: none
* (304) (IN), TLS handshake, Server hello (2):
{ [122 bytes data]
* (304) (IN), TLS handshake, Unknown (8):
{ [43 bytes data]
* (304) (IN), TLS handshake, Certificate (11):
{ [3055 bytes data]
* (304) (IN), TLS handshake, CERT verify (15):
{ [264 bytes data]
* (304) (IN), TLS handshake, Finished (20):
{ [36 bytes data]
* (304) (OUT), TLS handshake, Finished (20):
} [36 bytes data]
* SSL connection using TLSv1.3 / AEAD-AES128-GCM-SHA256 / [blank] / UNDEF
* ALPN: server accepted http/1.1
* Server certificate:
*  subject: CN=*.secureserversites.net
*  start date: Sep 12 16:32:51 2025 GMT
*  expire date: Oct 14 16:32:51 2026 GMT
*  subjectAltName does not match host name www.myveticare.com
* SSL: no alternative certificate subject name matches target host name 'www.myveticare.com'
* Closing connection
curl: (60) SSL: no alternative certificate subject name matches target host name 'www.myveticare.com'
More details here: https://curl.se/docs/sslcerts.html

curl failed to verify the legitimacy of the server and therefore could not
establish a secure connection to it. To learn more about this situation and
how to fix it, please visit the web page mentioned above.
http_code=000
remote_ip=76.223.105.230
time_namelookup=0.003754
time_connect=0.075683
time_appconnect=0.000000
time_starttransfer=0.000000
time_total=0.257741
Retrying in 2s...
=== ATTEMPT 2/5 ===
FAIL health: curl rc=60
* Host www.myveticare.com:443 was resolved.
* IPv6: (none)
* IPv4: 76.223.105.230, 13.248.243.5
*   Trying 76.223.105.230:443...
* Connected to www.myveticare.com (76.223.105.230) port 443
* ALPN: curl offers h2,http/1.1
* (304) (OUT), TLS handshake, Client hello (1):
} [323 bytes data]
*  CAfile: /etc/ssl/cert.pem
*  CApath: none
* (304) (IN), TLS handshake, Server hello (2):
{ [122 bytes data]
* (304) (IN), TLS handshake, Unknown (8):
{ [43 bytes data]
* (304) (IN), TLS handshake, Certificate (11):
{ [3055 bytes data]
* (304) (IN), TLS handshake, CERT verify (15):
{ [264 bytes data]
* (304) (IN), TLS handshake, Finished (20):
{ [36 bytes data]
* (304) (OUT), TLS handshake, Finished (20):
} [36 bytes data]
* SSL connection using TLSv1.3 / AEAD-AES128-GCM-SHA256 / [blank] / UNDEF
* ALPN: server accepted http/1.1
* Server certificate:
*  subject: CN=*.secureserversites.net
*  start date: Sep 12 16:32:51 2025 GMT
*  expire date: Oct 14 16:32:51 2026 GMT
*  subjectAltName does not match host name www.myveticare.com
* SSL: no alternative certificate subject name matches target host name 'www.myveticare.com'
* Closing connection
curl: (60) SSL: no alternative certificate subject name matches target host name 'www.myveticare.com'
More details here: https://curl.se/docs/sslcerts.html

curl failed to verify the legitimacy of the server and therefore could not
establish a secure connection to it. To learn more about this situation and
how to fix it, please visit the web page mentioned above.
http_code=000
remote_ip=76.223.105.230
time_namelookup=0.003203
time_connect=0.084473
time_appconnect=0.000000
time_starttransfer=0.000000
time_total=0.275945
FAIL ready: curl rc=60
* Host www.myveticare.com:443 was resolved.
* IPv6: (none)
* IPv4: 76.223.105.230, 13.248.243.5
*   Trying 76.223.105.230:443...
* Connected to www.myveticare.com (76.223.105.230) port 443
* ALPN: curl offers h2,http/1.1
* (304) (OUT), TLS handshake, Client hello (1):
} [323 bytes data]
*  CAfile: /etc/ssl/cert.pem
*  CApath: none
* (304) (IN), TLS handshake, Server hello (2):
{ [122 bytes data]
* (304) (IN), TLS handshake, Unknown (8):
{ [43 bytes data]
* (304) (IN), TLS handshake, Certificate (11):
{ [3055 bytes data]
* (304) (IN), TLS handshake, CERT verify (15):
{ [264 bytes data]
* (304) (IN), TLS handshake, Finished (20):
{ [36 bytes data]
* (304) (OUT), TLS handshake, Finished (20):
} [36 bytes data]
* SSL connection using TLSv1.3 / AEAD-AES128-GCM-SHA256 / [blank] / UNDEF
* ALPN: server accepted http/1.1
* Server certificate:
*  subject: CN=*.secureserversites.net
*  start date: Sep 12 16:32:51 2025 GMT
*  expire date: Oct 14 16:32:51 2026 GMT
*  subjectAltName does not match host name www.myveticare.com
* SSL: no alternative certificate subject name matches target host name 'www.myveticare.com'
* Closing connection
curl: (60) SSL: no alternative certificate subject name matches target host name 'www.myveticare.com'
More details here: https://curl.se/docs/sslcerts.html

curl failed to verify the legitimacy of the server and therefore could not
establish a secure connection to it. To learn more about this situation and
how to fix it, please visit the web page mentioned above.
http_code=000
remote_ip=76.223.105.230
time_namelookup=0.002986
time_connect=0.090160
time_appconnect=0.000000
time_starttransfer=0.000000
time_total=0.256110
Retrying in 2s...
=== ATTEMPT 3/5 ===
FAIL health: curl rc=60
* Host www.myveticare.com:443 was resolved.
* IPv6: (none)
* IPv4: 76.223.105.230, 13.248.243.5
*   Trying 76.223.105.230:443...
* Connected to www.myveticare.com (76.223.105.230) port 443
* ALPN: curl offers h2,http/1.1
* (304) (OUT), TLS handshake, Client hello (1):
} [323 bytes data]
*  CAfile: /etc/ssl/cert.pem
*  CApath: none
* (304) (IN), TLS handshake, Server hello (2):
{ [122 bytes data]
* (304) (IN), TLS handshake, Unknown (8):
{ [43 bytes data]
* (304) (IN), TLS handshake, Certificate (11):
{ [3055 bytes data]
* (304) (IN), TLS handshake, CERT verify (15):
{ [264 bytes data]
* (304) (IN), TLS handshake, Finished (20):
{ [36 bytes data]
* (304) (OUT), TLS handshake, Finished (20):
} [36 bytes data]
* SSL connection using TLSv1.3 / AEAD-AES128-GCM-SHA256 / [blank] / UNDEF
* ALPN: server accepted http/1.1
* Server certificate:
*  subject: CN=*.secureserversites.net
*  start date: Sep 12 16:32:51 2025 GMT
*  expire date: Oct 14 16:32:51 2026 GMT
*  subjectAltName does not match host name www.myveticare.com
* SSL: no alternative certificate subject name matches target host name 'www.myveticare.com'
* Closing connection
curl: (60) SSL: no alternative certificate subject name matches target host name 'www.myveticare.com'
More details here: https://curl.se/docs/sslcerts.html

curl failed to verify the legitimacy of the server and therefore could not
establish a secure connection to it. To learn more about this situation and
how to fix it, please visit the web page mentioned above.
http_code=000
remote_ip=76.223.105.230
time_namelookup=0.003491
time_connect=0.068653
time_appconnect=0.000000
time_starttransfer=0.000000
time_total=0.263474
FAIL ready: curl rc=60
* Host www.myveticare.com:443 was resolved.
* IPv6: (none)
* IPv4: 76.223.105.230, 13.248.243.5
*   Trying 76.223.105.230:443...
* Connected to www.myveticare.com (76.223.105.230) port 443
* ALPN: curl offers h2,http/1.1
* (304) (OUT), TLS handshake, Client hello (1):
} [323 bytes data]
*  CAfile: /etc/ssl/cert.pem
*  CApath: none
* (304) (IN), TLS handshake, Server hello (2):
{ [122 bytes data]
* (304) (IN), TLS handshake, Unknown (8):
{ [43 bytes data]
* (304) (IN), TLS handshake, Certificate (11):
{ [3055 bytes data]
* (304) (IN), TLS handshake, CERT verify (15):
{ [264 bytes data]
* (304) (IN), TLS handshake, Finished (20):
{ [36 bytes data]
* (304) (OUT), TLS handshake, Finished (20):
} [36 bytes data]
* SSL connection using TLSv1.3 / AEAD-AES128-GCM-SHA256 / [blank] / UNDEF
* ALPN: server accepted http/1.1
* Server certificate:
*  subject: CN=*.secureserversites.net
*  start date: Sep 12 16:32:51 2025 GMT
*  expire date: Oct 14 16:32:51 2026 GMT
*  subjectAltName does not match host name www.myveticare.com
* SSL: no alternative certificate subject name matches target host name 'www.myveticare.com'
* Closing connection
curl: (60) SSL: no alternative certificate subject name matches target host name 'www.myveticare.com'
More details here: https://curl.se/docs/sslcerts.html

curl failed to verify the legitimacy of the server and therefore could not
establish a secure connection to it. To learn more about this situation and
how to fix it, please visit the web page mentioned above.
http_code=000
remote_ip=76.223.105.230
time_namelookup=0.003374
time_connect=0.098557
time_appconnect=0.000000
time_starttransfer=0.000000
time_total=0.269363
Retrying in 2s...
=== ATTEMPT 4/5 ===
FAIL health: curl rc=60
* Host www.myveticare.com:443 was resolved.
* IPv6: (none)
* IPv4: 76.223.105.230, 13.248.243.5
*   Trying 76.223.105.230:443...
* Connected to www.myveticare.com (76.223.105.230) port 443
* ALPN: curl offers h2,http/1.1
* (304) (OUT), TLS handshake, Client hello (1):
} [323 bytes data]
*  CAfile: /etc/ssl/cert.pem
*  CApath: none
* (304) (IN), TLS handshake, Server hello (2):
{ [122 bytes data]
* (304) (IN), TLS handshake, Unknown (8):
{ [43 bytes data]
* (304) (IN), TLS handshake, Certificate (11):
{ [3055 bytes data]
* (304) (IN), TLS handshake, CERT verify (15):
{ [264 bytes data]
* (304) (IN), TLS handshake, Finished (20):
{ [36 bytes data]
* (304) (OUT), TLS handshake, Finished (20):
} [36 bytes data]
* SSL connection using TLSv1.3 / AEAD-AES128-GCM-SHA256 / [blank] / UNDEF
* ALPN: server accepted http/1.1
* Server certificate:
*  subject: CN=*.secureserversites.net
*  start date: Sep 12 16:32:51 2025 GMT
*  expire date: Oct 14 16:32:51 2026 GMT
*  subjectAltName does not match host name www.myveticare.com
* SSL: no alternative certificate subject name matches target host name 'www.myveticare.com'
* Closing connection
curl: (60) SSL: no alternative certificate subject name matches target host name 'www.myveticare.com'
More details here: https://curl.se/docs/sslcerts.html

curl failed to verify the legitimacy of the server and therefore could not
establish a secure connection to it. To learn more about this situation and
how to fix it, please visit the web page mentioned above.
http_code=000
remote_ip=76.223.105.230
time_namelookup=0.003715
time_connect=0.076816
time_appconnect=0.000000
time_starttransfer=0.000000
time_total=0.248170
FAIL ready: curl rc=60
* Host www.myveticare.com:443 was resolved.
* IPv6: (none)
* IPv4: 76.223.105.230, 13.248.243.5
*   Trying 76.223.105.230:443...
* Connected to www.myveticare.com (76.223.105.230) port 443
* ALPN: curl offers h2,http/1.1
* (304) (OUT), TLS handshake, Client hello (1):
} [323 bytes data]
*  CAfile: /etc/ssl/cert.pem
*  CApath: none
* (304) (IN), TLS handshake, Server hello (2):
{ [122 bytes data]
* (304) (IN), TLS handshake, Unknown (8):
{ [43 bytes data]
* (304) (IN), TLS handshake, Certificate (11):
{ [3055 bytes data]
* (304) (IN), TLS handshake, CERT verify (15):
{ [264 bytes data]
* (304) (IN), TLS handshake, Finished (20):
{ [36 bytes data]
* (304) (OUT), TLS handshake, Finished (20):
} [36 bytes data]
* SSL connection using TLSv1.3 / AEAD-AES128-GCM-SHA256 / [blank] / UNDEF
* ALPN: server accepted http/1.1
* Server certificate:
*  subject: CN=*.secureserversites.net
*  start date: Sep 12 16:32:51 2025 GMT
*  expire date: Oct 14 16:32:51 2026 GMT
*  subjectAltName does not match host name www.myveticare.com
* SSL: no alternative certificate subject name matches target host name 'www.myveticare.com'
* Closing connection
curl: (60) SSL: no alternative certificate subject name matches target host name 'www.myveticare.com'
More details here: https://curl.se/docs/sslcerts.html

curl failed to verify the legitimacy of the server and therefore could not
establish a secure connection to it. To learn more about this situation and
how to fix it, please visit the web page mentioned above.
http_code=000
remote_ip=76.223.105.230
time_namelookup=0.003802
time_connect=0.070080
time_appconnect=0.000000
time_starttransfer=0.000000
time_total=0.244010
Retrying in 2s...
=== ATTEMPT 5/5 ===
FAIL health: curl rc=60
* Host www.myveticare.com:443 was resolved.
* IPv6: (none)
* IPv4: 76.223.105.230, 13.248.243.5
*   Trying 76.223.105.230:443...
* Connected to www.myveticare.com (76.223.105.230) port 443
* ALPN: curl offers h2,http/1.1
* (304) (OUT), TLS handshake, Client hello (1):
} [323 bytes data]
*  CAfile: /etc/ssl/cert.pem
*  CApath: none
* (304) (IN), TLS handshake, Server hello (2):
{ [122 bytes data]
* (304) (IN), TLS handshake, Unknown (8):
{ [43 bytes data]
* (304) (IN), TLS handshake, Certificate (11):
{ [3055 bytes data]
* (304) (IN), TLS handshake, CERT verify (15):
{ [264 bytes data]
* (304) (IN), TLS handshake, Finished (20):
{ [36 bytes data]
* (304) (OUT), TLS handshake, Finished (20):
} [36 bytes data]
* SSL connection using TLSv1.3 / AEAD-AES128-GCM-SHA256 / [blank] / UNDEF
* ALPN: server accepted http/1.1
* Server certificate:
*  subject: CN=*.secureserversites.net
*  start date: Sep 12 16:32:51 2025 GMT
*  expire date: Oct 14 16:32:51 2026 GMT
*  subjectAltName does not match host name www.myveticare.com
* SSL: no alternative certificate subject name matches target host name 'www.myveticare.com'
* Closing connection
curl: (60) SSL: no alternative certificate subject name matches target host name 'www.myveticare.com'
More details here: https://curl.se/docs/sslcerts.html

curl failed to verify the legitimacy of the server and therefore could not
establish a secure connection to it. To learn more about this situation and
how to fix it, please visit the web page mentioned above.
http_code=000
remote_ip=76.223.105.230
time_namelookup=0.003222
time_connect=0.070221
time_appconnect=0.000000
time_starttransfer=0.000000
time_total=0.248422
FAIL ready: curl rc=60
* Host www.myveticare.com:443 was resolved.
* IPv6: (none)
* IPv4: 76.223.105.230, 13.248.243.5
*   Trying 76.223.105.230:443...
* Connected to www.myveticare.com (76.223.105.230) port 443
* ALPN: curl offers h2,http/1.1
* (304) (OUT), TLS handshake, Client hello (1):
} [323 bytes data]
*  CAfile: /etc/ssl/cert.pem
*  CApath: none
* (304) (IN), TLS handshake, Server hello (2):
{ [122 bytes data]
* (304) (IN), TLS handshake, Unknown (8):
{ [43 bytes data]
* (304) (IN), TLS handshake, Certificate (11):
{ [3055 bytes data]
* (304) (IN), TLS handshake, CERT verify (15):
{ [264 bytes data]
* (304) (IN), TLS handshake, Finished (20):
{ [36 bytes data]
* (304) (OUT), TLS handshake, Finished (20):
} [36 bytes data]
* SSL connection using TLSv1.3 / AEAD-AES128-GCM-SHA256 / [blank] / UNDEF
* ALPN: server accepted http/1.1
* Server certificate:
*  subject: CN=*.secureserversites.net
*  start date: Sep 12 16:32:51 2025 GMT
*  expire date: Oct 14 16:32:51 2026 GMT
*  subjectAltName does not match host name www.myveticare.com
* SSL: no alternative certificate subject name matches target host name 'www.myveticare.com'
* Closing connection
curl: (60) SSL: no alternative certificate subject name matches target host name 'www.myveticare.com'
More details here: https://curl.se/docs/sslcerts.html

curl failed to verify the legitimacy of the server and therefore could not
establish a secure connection to it. To learn more about this situation and
how to fix it, please visit the web page mentioned above.
http_code=000
remote_ip=76.223.105.230
time_namelookup=0.003424
time_connect=0.078998
time_appconnect=0.000000
time_starttransfer=0.000000
time_total=0.264886
FATAL: PH-L7 REMOTE SMOKE FAIL after 5 attempts
