=== CI GATES ===
repo=/Users/waheebmahmoud/dev/petcare-evidence-repository/petcare_execution
python=/Users/waheebmahmoud/dev/petcare-evidence-repository/petcare_execution/.venv/bin/python

=== GATE 0: Workflow required steps assert ===
=== REQUIRED CHECKS ASSERT ===
repo=/Users/waheebmahmoud/dev/petcare-evidence-repository/petcare_execution
workflow=/Users/waheebmahmoud/dev/petcare-evidence-repository/petcare_execution/.github/workflows/ci.yml
PATTERN_OK=bash scripts/petcare_ci_gates.sh
PATTERN_OK=bash scripts/petcare_ph31_closure_pack.sh
PATTERN_OK=actions/upload-artifact
RESULT=PASS

=== GATE 0b: Policy drift check ===
=== POLICY DRIFT CHECK ===
repo=/Users/waheebmahmoud/dev/petcare-evidence-repository/petcare_execution
policy=/Users/waheebmahmoud/dev/petcare-evidence-repository/petcare_execution/POLICY.md
WARN: POLICY.md not found; treating as PASS for PH34 bootstrap
RESULT=PASS

=== GATE 0c: Registry drift check ===
=== REGISTRY DRIFT CHECK ===
repo=/Users/waheebmahmoud/dev/petcare-evidence-repository/petcare_execution
registry=/Users/waheebmahmoud/dev/petcare-evidence-repository/petcare_execution/REGISTRY.json
WARN: REGISTRY.json not found; treating as PASS for PH34 bootstrap
RESULT=PASS

=== GATE 1: Python version ===
Python 3.9.6

=== GATE 2: Dependency sanity (pip check) ===
No broken requirements found.

=== GATE 3: Syntax check (compileall) ===

=== GATE 4: Unit tests (pytest) ===
pytest 8.4.2

RUN=pytest -q
.....ssss............ss...................s............................. [ 64%]
........................................                                 [100%]

=== GATE 5: Lockfile determinism (requirements.lock) ===
=== LOCK VERIFY ===
repo=/Users/waheebmahmoud/dev/petcare-evidence-repository/petcare_execution
python=/Users/waheebmahmoud/dev/petcare-evidence-repository/petcare_execution/.venv/bin/python
lock=/Users/waheebmahmoud/dev/petcare-evidence-repository/petcare_execution/requirements.lock
LOCK_VERIFY=PASS

RESULT=PASS
